running egg_info
writing ../../build/drone_viz_pkg/drone_viz_pkg.egg-info/PKG-INFO
writing dependency_links to ../../build/drone_viz_pkg/drone_viz_pkg.egg-info/dependency_links.txt
writing entry points to ../../build/drone_viz_pkg/drone_viz_pkg.egg-info/entry_points.txt
writing requirements to ../../build/drone_viz_pkg/drone_viz_pkg.egg-info/requires.txt
writing top-level names to ../../build/drone_viz_pkg/drone_viz_pkg.egg-info/top_level.txt
reading manifest file '../../build/drone_viz_pkg/drone_viz_pkg.egg-info/SOURCES.txt'
writing manifest file '../../build/drone_viz_pkg/drone_viz_pkg.egg-info/SOURCES.txt'
running build
running build_py
copying drone_viz_pkg/pose_subscriber.py -> /home/phillipechavda/droneviz_ws/build/drone_viz_pkg/build/lib/drone_viz_pkg
running install
running install_lib
copying /home/phillipechavda/droneviz_ws/build/drone_viz_pkg/build/lib/drone_viz_pkg/pose_subscriber.py -> /home/phillipechavda/droneviz_ws/install/drone_viz_pkg/lib/python3.8/site-packages/drone_viz_pkg
byte-compiling /home/phillipechavda/droneviz_ws/install/drone_viz_pkg/lib/python3.8/site-packages/drone_viz_pkg/pose_subscriber.py to pose_subscriber.cpython-38.pyc
running install_data
copying package.xml -> /home/phillipechavda/droneviz_ws/install/drone_viz_pkg/share/drone_viz_pkg
running install_egg_info
removing '/home/phillipechavda/droneviz_ws/install/drone_viz_pkg/lib/python3.8/site-packages/drone_viz_pkg-0.0.0-py3.8.egg-info' (and everything under it)
Copying ../../build/drone_viz_pkg/drone_viz_pkg.egg-info to /home/phillipechavda/droneviz_ws/install/drone_viz_pkg/lib/python3.8/site-packages/drone_viz_pkg-0.0.0-py3.8.egg-info
running install_scripts
Installing pose_subscriber script to /home/phillipechavda/droneviz_ws/install/drone_viz_pkg/lib/drone_viz_pkg
writing list of installed files to '/home/phillipechavda/droneviz_ws/build/drone_viz_pkg/install.log'
