/home/phillipechavda/droneviz_ws/install/ros2bag_convert/lib/python3.8/site-packages/ros2bag_convert/ros2bag_convert/__init__.py
/home/phillipechavda/droneviz_ws/install/ros2bag_convert/lib/python3.8/site-packages/ros2bag_convert/ros2bag_convert/save_csv_file.py
/home/phillipechavda/droneviz_ws/install/ros2bag_convert/lib/python3.8/site-packages/ros2bag_convert/ros2bag_convert/read_bag.py
/home/phillipechavda/droneviz_ws/install/ros2bag_convert/lib/python3.8/site-packages/ros2bag_convert/ros2bag_convert/message_converter.py
/home/phillipechavda/droneviz_ws/install/ros2bag_convert/lib/python3.8/site-packages/ros2bag_convert/__init__.py
/home/phillipechavda/droneviz_ws/install/ros2bag_convert/lib/python3.8/site-packages/ros2bag_convert/main.py
/home/phillipechavda/droneviz_ws/install/ros2bag_convert/lib/python3.8/site-packages/ros2bag_convert/ros2bag_convert/__pycache__/__init__.cpython-38.pyc
/home/phillipechavda/droneviz_ws/install/ros2bag_convert/lib/python3.8/site-packages/ros2bag_convert/ros2bag_convert/__pycache__/save_csv_file.cpython-38.pyc
/home/phillipechavda/droneviz_ws/install/ros2bag_convert/lib/python3.8/site-packages/ros2bag_convert/ros2bag_convert/__pycache__/read_bag.cpython-38.pyc
/home/phillipechavda/droneviz_ws/install/ros2bag_convert/lib/python3.8/site-packages/ros2bag_convert/ros2bag_convert/__pycache__/message_converter.cpython-38.pyc
/home/phillipechavda/droneviz_ws/install/ros2bag_convert/lib/python3.8/site-packages/ros2bag_convert/__pycache__/__init__.cpython-38.pyc
/home/phillipechavda/droneviz_ws/install/ros2bag_convert/lib/python3.8/site-packages/ros2bag_convert/__pycache__/main.cpython-38.pyc
/home/phillipechavda/droneviz_ws/install/ros2bag_convert/lib/python3.8/site-packages/ros2bag_convert-0.1.0-py3.8.egg-info/dependency_links.txt
/home/phillipechavda/droneviz_ws/install/ros2bag_convert/lib/python3.8/site-packages/ros2bag_convert-0.1.0-py3.8.egg-info/zip-safe
/home/phillipechavda/droneviz_ws/install/ros2bag_convert/lib/python3.8/site-packages/ros2bag_convert-0.1.0-py3.8.egg-info/entry_points.txt
/home/phillipechavda/droneviz_ws/install/ros2bag_convert/lib/python3.8/site-packages/ros2bag_convert-0.1.0-py3.8.egg-info/top_level.txt
/home/phillipechavda/droneviz_ws/install/ros2bag_convert/lib/python3.8/site-packages/ros2bag_convert-0.1.0-py3.8.egg-info/PKG-INFO
/home/phillipechavda/droneviz_ws/install/ros2bag_convert/lib/python3.8/site-packages/ros2bag_convert-0.1.0-py3.8.egg-info/requires.txt
/home/phillipechavda/droneviz_ws/install/ros2bag_convert/lib/python3.8/site-packages/ros2bag_convert-0.1.0-py3.8.egg-info/SOURCES.txt
/home/phillipechavda/droneviz_ws/install/ros2bag_convert/lib/ros2bag_convert/ros2bag-convert
