[0.155s] [34mcolcon[0m [1;30mDEBUG[0m [32mCommand line arguments: ['/usr/bin/colcon', 'build'][0m
[0.156s] [34mcolcon[0m [1;30mDEBUG[0m [32mParsed command line arguments: Namespace(allow_overriding=[], ament_cmake_args=None, base_paths=['.'], build_base='build', catkin_cmake_args=None, catkin_skip_building_tests=False, cmake_args=None, cmake_clean_cache=False, cmake_clean_first=False, cmake_force_configure=False, cmake_target=None, cmake_target_skip_unavailable=False, continue_on_error=False, event_handlers=None, executor='parallel', ignore_user_meta=False, install_base='install', log_base=None, log_level=None, main=<bound method BuildVerb.main of <colcon_core.verb.build.BuildVerb object at 0x7f1f54549ac0>>, merge_install=False, metas=['./colcon.meta'], packages_above=None, packages_above_and_dependencies=None, packages_above_depth=None, packages_end=None, packages_ignore=None, packages_ignore_regex=None, packages_select=None, packages_select_build_failed=False, packages_select_by_dep=None, packages_select_regex=None, packages_select_test_failures=False, packages_skip=None, packages_skip_build_finished=False, packages_skip_by_dep=None, packages_skip_regex=None, packages_skip_test_passed=False, packages_skip_up_to=None, packages_start=None, packages_up_to=None, packages_up_to_regex=None, parallel_workers=12, paths=None, symlink_install=False, test_result_base=None, verb_extension=<colcon_core.verb.build.BuildVerb object at 0x7f1f54549ac0>, verb_name='build', verb_parser=<colcon_defaults.argument_parser.defaults.DefaultArgumentsDecorator object at 0x7f1f54554070>)[0m
[0.173s] [34mcolcon.colcon_core.package_discovery[0m [1;30mLevel 1[0m discover_packages(colcon_meta) check parameters
[0.173s] [34mcolcon.colcon_core.package_discovery[0m [1;30mLevel 1[0m discover_packages(recursive) check parameters
[0.173s] [34mcolcon.colcon_core.package_discovery[0m [1;30mLevel 1[0m discover_packages(ignore) check parameters
[0.173s] [34mcolcon.colcon_core.package_discovery[0m [1;30mLevel 1[0m discover_packages(path) check parameters
[0.173s] [34mcolcon.colcon_core.package_discovery[0m [1;30mLevel 1[0m discover_packages(colcon_meta) discover
[0.173s] [34mcolcon.colcon_core.package_discovery[0m [1;30mLevel 1[0m discover_packages(recursive) discover
[0.173s] [34mcolcon.colcon_core.package_discovery[0m [1;30mINFO[0m Crawling recursively for packages in '/home/phillipechavda/droneviz_ws'
[0.174s] [34mcolcon.colcon_core.package_identification[0m [1;30mLevel 1[0m _identify(.) by extensions ['ignore', 'ignore_ament_install']
[0.174s] [34mcolcon.colcon_core.package_identification[0m [1;30mLevel 1[0m _identify(.) by extension 'ignore'
[0.174s] [34mcolcon.colcon_core.package_identification[0m [1;30mLevel 1[0m _identify(.) by extension 'ignore_ament_install'
[0.174s] [34mcolcon.colcon_core.package_identification[0m [1;30mLevel 1[0m _identify(.) by extensions ['colcon_pkg']
[0.174s] [34mcolcon.colcon_core.package_identification[0m [1;30mLevel 1[0m _identify(.) by extension 'colcon_pkg'
[0.174s] [34mcolcon.colcon_core.package_identification[0m [1;30mLevel 1[0m _identify(.) by extensions ['colcon_meta']
[0.174s] [34mcolcon.colcon_core.package_identification[0m [1;30mLevel 1[0m _identify(.) by extension 'colcon_meta'
[0.174s] [34mcolcon.colcon_core.package_identification[0m [1;30mLevel 1[0m _identify(.) by extensions ['ros']
[0.174s] [34mcolcon.colcon_core.package_identification[0m [1;30mLevel 1[0m _identify(.) by extension 'ros'
[0.184s] [34mcolcon.colcon_core.package_identification[0m [1;30mLevel 1[0m _identify(.) by extensions ['cmake', 'python']
[0.184s] [34mcolcon.colcon_core.package_identification[0m [1;30mLevel 1[0m _identify(.) by extension 'cmake'
[0.184s] [34mcolcon.colcon_core.package_identification[0m [1;30mLevel 1[0m _identify(.) by extension 'python'
[0.184s] [34mcolcon.colcon_core.package_identification[0m [1;30mLevel 1[0m _identify(.) by extensions ['python_setup_py']
[0.184s] [34mcolcon.colcon_core.package_identification[0m [1;30mLevel 1[0m _identify(.) by extension 'python_setup_py'
[0.185s] [34mcolcon.colcon_core.package_identification[0m [1;30mLevel 1[0m _identify(build) by extensions ['ignore', 'ignore_ament_install']
[0.185s] [34mcolcon.colcon_core.package_identification[0m [1;30mLevel 1[0m _identify(build) by extension 'ignore'
[0.185s] [34mcolcon.colcon_core.package_identification[0m [1;30mLevel 1[0m _identify(build) ignored
[0.185s] [34mcolcon.colcon_core.package_identification[0m [1;30mLevel 1[0m _identify(install) by extensions ['ignore', 'ignore_ament_install']
[0.185s] [34mcolcon.colcon_core.package_identification[0m [1;30mLevel 1[0m _identify(install) by extension 'ignore'
[0.185s] [34mcolcon.colcon_core.package_identification[0m [1;30mLevel 1[0m _identify(install) ignored
[0.185s] [34mcolcon.colcon_core.package_identification[0m [1;30mLevel 1[0m _identify(log) by extensions ['ignore', 'ignore_ament_install']
[0.186s] [34mcolcon.colcon_core.package_identification[0m [1;30mLevel 1[0m _identify(log) by extension 'ignore'
[0.186s] [34mcolcon.colcon_core.package_identification[0m [1;30mLevel 1[0m _identify(log) ignored
[0.186s] [34mcolcon.colcon_core.package_identification[0m [1;30mLevel 1[0m _identify(src) by extensions ['ignore', 'ignore_ament_install']
[0.186s] [34mcolcon.colcon_core.package_identification[0m [1;30mLevel 1[0m _identify(src) by extension 'ignore'
[0.186s] [34mcolcon.colcon_core.package_identification[0m [1;30mLevel 1[0m _identify(src) by extension 'ignore_ament_install'
[0.186s] [34mcolcon.colcon_core.package_identification[0m [1;30mLevel 1[0m _identify(src) by extensions ['colcon_pkg']
[0.186s] [34mcolcon.colcon_core.package_identification[0m [1;30mLevel 1[0m _identify(src) by extension 'colcon_pkg'
[0.186s] [34mcolcon.colcon_core.package_identification[0m [1;30mLevel 1[0m _identify(src) by extensions ['colcon_meta']
[0.186s] [34mcolcon.colcon_core.package_identification[0m [1;30mLevel 1[0m _identify(src) by extension 'colcon_meta'
[0.186s] [34mcolcon.colcon_core.package_identification[0m [1;30mLevel 1[0m _identify(src) by extensions ['ros']
[0.186s] [34mcolcon.colcon_core.package_identification[0m [1;30mLevel 1[0m _identify(src) by extension 'ros'
[0.187s] [34mcolcon.colcon_core.package_identification[0m [1;30mLevel 1[0m _identify(src) by extensions ['cmake', 'python']
[0.187s] [34mcolcon.colcon_core.package_identification[0m [1;30mLevel 1[0m _identify(src) by extension 'cmake'
[0.187s] [34mcolcon.colcon_core.package_identification[0m [1;30mLevel 1[0m _identify(src) by extension 'python'
[0.187s] [34mcolcon.colcon_core.package_identification[0m [1;30mLevel 1[0m _identify(src) by extensions ['python_setup_py']
[0.187s] [34mcolcon.colcon_core.package_identification[0m [1;30mLevel 1[0m _identify(src) by extension 'python_setup_py'
[0.187s] [34mcolcon.colcon_core.package_identification[0m [1;30mLevel 1[0m _identify(src/bag_files) by extensions ['ignore', 'ignore_ament_install']
[0.187s] [34mcolcon.colcon_core.package_identification[0m [1;30mLevel 1[0m _identify(src/bag_files) by extension 'ignore'
[0.187s] [34mcolcon.colcon_core.package_identification[0m [1;30mLevel 1[0m _identify(src/bag_files) by extension 'ignore_ament_install'
[0.187s] [34mcolcon.colcon_core.package_identification[0m [1;30mLevel 1[0m _identify(src/bag_files) by extensions ['colcon_pkg']
[0.187s] [34mcolcon.colcon_core.package_identification[0m [1;30mLevel 1[0m _identify(src/bag_files) by extension 'colcon_pkg'
[0.187s] [34mcolcon.colcon_core.package_identification[0m [1;30mLevel 1[0m _identify(src/bag_files) by extensions ['colcon_meta']
[0.187s] [34mcolcon.colcon_core.package_identification[0m [1;30mLevel 1[0m _identify(src/bag_files) by extension 'colcon_meta'
[0.187s] [34mcolcon.colcon_core.package_identification[0m [1;30mLevel 1[0m _identify(src/bag_files) by extensions ['ros']
[0.187s] [34mcolcon.colcon_core.package_identification[0m [1;30mLevel 1[0m _identify(src/bag_files) by extension 'ros'
[0.187s] [34mcolcon.colcon_core.package_identification[0m [1;30mLevel 1[0m _identify(src/bag_files) by extensions ['cmake', 'python']
[0.187s] [34mcolcon.colcon_core.package_identification[0m [1;30mLevel 1[0m _identify(src/bag_files) by extension 'cmake'
[0.187s] [34mcolcon.colcon_core.package_identification[0m [1;30mLevel 1[0m _identify(src/bag_files) by extension 'python'
[0.188s] [34mcolcon.colcon_core.package_identification[0m [1;30mLevel 1[0m _identify(src/bag_files) by extensions ['python_setup_py']
[0.188s] [34mcolcon.colcon_core.package_identification[0m [1;30mLevel 1[0m _identify(src/bag_files) by extension 'python_setup_py'
[0.188s] [34mcolcon.colcon_core.package_identification[0m [1;30mLevel 1[0m _identify(src/bag_files/rosbag2_2022_06_11-21_04_16) by extensions ['ignore', 'ignore_ament_install']
[0.188s] [34mcolcon.colcon_core.package_identification[0m [1;30mLevel 1[0m _identify(src/bag_files/rosbag2_2022_06_11-21_04_16) by extension 'ignore'
[0.188s] [34mcolcon.colcon_core.package_identification[0m [1;30mLevel 1[0m _identify(src/bag_files/rosbag2_2022_06_11-21_04_16) by extension 'ignore_ament_install'
[0.188s] [34mcolcon.colcon_core.package_identification[0m [1;30mLevel 1[0m _identify(src/bag_files/rosbag2_2022_06_11-21_04_16) by extensions ['colcon_pkg']
[0.188s] [34mcolcon.colcon_core.package_identification[0m [1;30mLevel 1[0m _identify(src/bag_files/rosbag2_2022_06_11-21_04_16) by extension 'colcon_pkg'
[0.188s] [34mcolcon.colcon_core.package_identification[0m [1;30mLevel 1[0m _identify(src/bag_files/rosbag2_2022_06_11-21_04_16) by extensions ['colcon_meta']
[0.188s] [34mcolcon.colcon_core.package_identification[0m [1;30mLevel 1[0m _identify(src/bag_files/rosbag2_2022_06_11-21_04_16) by extension 'colcon_meta'
[0.188s] [34mcolcon.colcon_core.package_identification[0m [1;30mLevel 1[0m _identify(src/bag_files/rosbag2_2022_06_11-21_04_16) by extensions ['ros']
[0.188s] [34mcolcon.colcon_core.package_identification[0m [1;30mLevel 1[0m _identify(src/bag_files/rosbag2_2022_06_11-21_04_16) by extension 'ros'
[0.188s] [34mcolcon.colcon_core.package_identification[0m [1;30mLevel 1[0m _identify(src/bag_files/rosbag2_2022_06_11-21_04_16) by extensions ['cmake', 'python']
[0.188s] [34mcolcon.colcon_core.package_identification[0m [1;30mLevel 1[0m _identify(src/bag_files/rosbag2_2022_06_11-21_04_16) by extension 'cmake'
[0.188s] [34mcolcon.colcon_core.package_identification[0m [1;30mLevel 1[0m _identify(src/bag_files/rosbag2_2022_06_11-21_04_16) by extension 'python'
[0.188s] [34mcolcon.colcon_core.package_identification[0m [1;30mLevel 1[0m _identify(src/bag_files/rosbag2_2022_06_11-21_04_16) by extensions ['python_setup_py']
[0.188s] [34mcolcon.colcon_core.package_identification[0m [1;30mLevel 1[0m _identify(src/bag_files/rosbag2_2022_06_11-21_04_16) by extension 'python_setup_py'
[0.188s] [34mcolcon.colcon_core.package_identification[0m [1;30mLevel 1[0m _identify(src/bag_files/rosbag2_2022_06_13-16_34_28) by extensions ['ignore', 'ignore_ament_install']
[0.188s] [34mcolcon.colcon_core.package_identification[0m [1;30mLevel 1[0m _identify(src/bag_files/rosbag2_2022_06_13-16_34_28) by extension 'ignore'
[0.189s] [34mcolcon.colcon_core.package_identification[0m [1;30mLevel 1[0m _identify(src/bag_files/rosbag2_2022_06_13-16_34_28) by extension 'ignore_ament_install'
[0.189s] [34mcolcon.colcon_core.package_identification[0m [1;30mLevel 1[0m _identify(src/bag_files/rosbag2_2022_06_13-16_34_28) by extensions ['colcon_pkg']
[0.189s] [34mcolcon.colcon_core.package_identification[0m [1;30mLevel 1[0m _identify(src/bag_files/rosbag2_2022_06_13-16_34_28) by extension 'colcon_pkg'
[0.189s] [34mcolcon.colcon_core.package_identification[0m [1;30mLevel 1[0m _identify(src/bag_files/rosbag2_2022_06_13-16_34_28) by extensions ['colcon_meta']
[0.189s] [34mcolcon.colcon_core.package_identification[0m [1;30mLevel 1[0m _identify(src/bag_files/rosbag2_2022_06_13-16_34_28) by extension 'colcon_meta'
[0.189s] [34mcolcon.colcon_core.package_identification[0m [1;30mLevel 1[0m _identify(src/bag_files/rosbag2_2022_06_13-16_34_28) by extensions ['ros']
[0.189s] [34mcolcon.colcon_core.package_identification[0m [1;30mLevel 1[0m _identify(src/bag_files/rosbag2_2022_06_13-16_34_28) by extension 'ros'
[0.189s] [34mcolcon.colcon_core.package_identification[0m [1;30mLevel 1[0m _identify(src/bag_files/rosbag2_2022_06_13-16_34_28) by extensions ['cmake', 'python']
[0.189s] [34mcolcon.colcon_core.package_identification[0m [1;30mLevel 1[0m _identify(src/bag_files/rosbag2_2022_06_13-16_34_28) by extension 'cmake'
[0.189s] [34mcolcon.colcon_core.package_identification[0m [1;30mLevel 1[0m _identify(src/bag_files/rosbag2_2022_06_13-16_34_28) by extension 'python'
[0.189s] [34mcolcon.colcon_core.package_identification[0m [1;30mLevel 1[0m _identify(src/bag_files/rosbag2_2022_06_13-16_34_28) by extensions ['python_setup_py']
[0.189s] [34mcolcon.colcon_core.package_identification[0m [1;30mLevel 1[0m _identify(src/bag_files/rosbag2_2022_06_13-16_34_28) by extension 'python_setup_py'
[0.190s] [34mcolcon.colcon_core.package_identification[0m [1;30mLevel 1[0m _identify(src/drone_viz_pkg) by extensions ['ignore', 'ignore_ament_install']
[0.190s] [34mcolcon.colcon_core.package_identification[0m [1;30mLevel 1[0m _identify(src/drone_viz_pkg) by extension 'ignore'
[0.190s] [34mcolcon.colcon_core.package_identification[0m [1;30mLevel 1[0m _identify(src/drone_viz_pkg) by extension 'ignore_ament_install'
[0.190s] [34mcolcon.colcon_core.package_identification[0m [1;30mLevel 1[0m _identify(src/drone_viz_pkg) by extensions ['colcon_pkg']
[0.190s] [34mcolcon.colcon_core.package_identification[0m [1;30mLevel 1[0m _identify(src/drone_viz_pkg) by extension 'colcon_pkg'
[0.190s] [34mcolcon.colcon_core.package_identification[0m [1;30mLevel 1[0m _identify(src/drone_viz_pkg) by extensions ['colcon_meta']
[0.190s] [34mcolcon.colcon_core.package_identification[0m [1;30mLevel 1[0m _identify(src/drone_viz_pkg) by extension 'colcon_meta'
[0.190s] [34mcolcon.colcon_core.package_identification[0m [1;30mLevel 1[0m _identify(src/drone_viz_pkg) by extensions ['ros']
[0.190s] [34mcolcon.colcon_core.package_identification[0m [1;30mLevel 1[0m _identify(src/drone_viz_pkg) by extension 'ros'
[0.192s] [34mcolcon.colcon_core.package_identification[0m [1;30mDEBUG[0m [32mPackage 'src/drone_viz_pkg' with type 'ros.ament_python' and name 'drone_viz_pkg'[0m
[0.193s] [34mcolcon.colcon_core.package_discovery[0m [1;30mLevel 1[0m discover_packages(recursive) using defaults
[0.193s] [34mcolcon.colcon_core.package_discovery[0m [1;30mLevel 1[0m discover_packages(ignore) discover
[0.193s] [34mcolcon.colcon_core.package_discovery[0m [1;30mLevel 1[0m discover_packages(ignore) using defaults
[0.193s] [34mcolcon.colcon_core.package_discovery[0m [1;30mLevel 1[0m discover_packages(path) discover
[0.193s] [34mcolcon.colcon_core.package_discovery[0m [1;30mLevel 1[0m discover_packages(path) using defaults
[0.223s] [34mcolcon.colcon_core.package_discovery[0m [1;30mLevel 1[0m discover_packages(prefix_path) check parameters
[0.223s] [34mcolcon.colcon_core.package_discovery[0m [1;30mLevel 1[0m discover_packages(prefix_path) discover
[0.226s] [34mcolcon.colcon_installed_package_information.package_discovery[0m [1;30mDEBUG[0m [32mFound 304 installed packages in /opt/ros/galactic[0m
[0.228s] [34mcolcon.colcon_core.package_discovery[0m [1;30mLevel 1[0m discover_packages(prefix_path) using defaults
[0.308s] [34mcolcon.colcon_core.verb[0m [1;30mLevel 5[0m set package 'drone_viz_pkg' build argument 'cmake_args' from command line to 'None'
[0.308s] [34mcolcon.colcon_core.verb[0m [1;30mLevel 5[0m set package 'drone_viz_pkg' build argument 'cmake_target' from command line to 'None'
[0.308s] [34mcolcon.colcon_core.verb[0m [1;30mLevel 5[0m set package 'drone_viz_pkg' build argument 'cmake_target_skip_unavailable' from command line to 'False'
[0.309s] [34mcolcon.colcon_core.verb[0m [1;30mLevel 5[0m set package 'drone_viz_pkg' build argument 'cmake_clean_cache' from command line to 'False'
[0.309s] [34mcolcon.colcon_core.verb[0m [1;30mLevel 5[0m set package 'drone_viz_pkg' build argument 'cmake_clean_first' from command line to 'False'
[0.309s] [34mcolcon.colcon_core.verb[0m [1;30mLevel 5[0m set package 'drone_viz_pkg' build argument 'cmake_force_configure' from command line to 'False'
[0.309s] [34mcolcon.colcon_core.verb[0m [1;30mLevel 5[0m set package 'drone_viz_pkg' build argument 'ament_cmake_args' from command line to 'None'
[0.309s] [34mcolcon.colcon_core.verb[0m [1;30mLevel 5[0m set package 'drone_viz_pkg' build argument 'catkin_cmake_args' from command line to 'None'
[0.309s] [34mcolcon.colcon_core.verb[0m [1;30mLevel 5[0m set package 'drone_viz_pkg' build argument 'catkin_skip_building_tests' from command line to 'False'
[0.309s] [34mcolcon.colcon_core.verb[0m [1;30mDEBUG[0m [32mBuilding package 'drone_viz_pkg' with the following arguments: {'ament_cmake_args': None, 'build_base': '/home/phillipechavda/droneviz_ws/build/drone_viz_pkg', 'catkin_cmake_args': None, 'catkin_skip_building_tests': False, 'cmake_args': None, 'cmake_clean_cache': False, 'cmake_clean_first': False, 'cmake_force_configure': False, 'cmake_target': None, 'cmake_target_skip_unavailable': False, 'install_base': '/home/phillipechavda/droneviz_ws/install/drone_viz_pkg', 'merge_install': False, 'path': '/home/phillipechavda/droneviz_ws/src/drone_viz_pkg', 'symlink_install': False, 'test_result_base': None}[0m
[0.309s] [34mcolcon.colcon_core.executor[0m [1;30mINFO[0m Executing jobs using 'parallel' executor
[0.312s] [34mcolcon.colcon_parallel_executor.executor.parallel[0m [1;30mDEBUG[0m [32mrun_until_complete[0m
[0.312s] [34mcolcon.colcon_ros.task.ament_python.build[0m [1;30mINFO[0m Building ROS package in '/home/phillipechavda/droneviz_ws/src/drone_viz_pkg' with build type 'ament_python'
[0.312s] [34mcolcon.colcon_core.shell[0m [1;30mLevel 1[0m create_environment_hook('drone_viz_pkg', 'ament_prefix_path')
[0.316s] [34mcolcon.colcon_core.plugin_system[0m [1;30mINFO[0m Skipping extension 'colcon_core.shell.bat': Not used on non-Windows systems
[0.316s] [34mcolcon.colcon_core.shell[0m [1;30mINFO[0m Creating environment hook '/home/phillipechavda/droneviz_ws/install/drone_viz_pkg/share/drone_viz_pkg/hook/ament_prefix_path.ps1'
[0.317s] [34mcolcon.colcon_core.shell[0m [1;30mINFO[0m Creating environment descriptor '/home/phillipechavda/droneviz_ws/install/drone_viz_pkg/share/drone_viz_pkg/hook/ament_prefix_path.dsv'
[0.318s] [34mcolcon.colcon_core.shell[0m [1;30mINFO[0m Creating environment hook '/home/phillipechavda/droneviz_ws/install/drone_viz_pkg/share/drone_viz_pkg/hook/ament_prefix_path.sh'
[0.319s] [34mcolcon.colcon_core.shell[0m [1;30mINFO[0m Skip shell extension 'powershell' for command environment: Not usable outside of PowerShell
[0.319s] [34mcolcon.colcon_core.shell[0m [1;30mDEBUG[0m [32mSkip shell extension 'dsv' for command environment[0m
[0.583s] [34mcolcon.colcon_core.task.python.build[0m [1;30mINFO[0m Building Python package in '/home/phillipechavda/droneviz_ws/src/drone_viz_pkg'
[0.584s] [34mcolcon.colcon_core.shell[0m [1;30mINFO[0m Skip shell extension 'powershell' for command environment: Not usable outside of PowerShell
[0.584s] [34mcolcon.colcon_core.shell[0m [1;30mDEBUG[0m [32mSkip shell extension 'dsv' for command environment[0m
[1.090s] [34mcolcon.colcon_parallel_executor.executor.parallel[0m [1;30mDEBUG[0m [32mclosing loop[0m
[1.090s] [34mcolcon.colcon_parallel_executor.executor.parallel[0m [1;30mDEBUG[0m [32mloop closed[0m
[1.090s] [34mcolcon.colcon_parallel_executor.executor.parallel[0m [1;30mDEBUG[0m [32mrun_until_complete finished with 'Expected ['/usr/bin/python3', 'setup.py', '--help-commands'] to pass: Traceback (most recent call last):
  File "setup.py", line 5, in <module>
    setup(
  File "/usr/lib/python3/dist-packages/setuptools/__init__.py", line 144, in setup
    return distutils.core.setup(**attrs)
  File "/usr/lib/python3.8/distutils/core.py", line 134, in setup
    ok = dist.parse_command_line()
  File "/usr/lib/python3/dist-packages/setuptools/dist.py", line 707, in parse_command_line
    result = _Distribution.parse_command_line(self)
  File "/usr/lib/python3.8/distutils/dist.py", line 480, in parse_command_line
    if self.handle_display_options(option_order):
  File "/usr/lib/python3/dist-packages/setuptools/dist.py", line 1092, in handle_display_options
    return _Distribution.handle_display_options(self, option_order)
  File "/usr/lib/python3.8/distutils/dist.py", line 683, in handle_display_options
    self.print_commands()
  File "/usr/lib/python3/dist-packages/setuptools/dist.py", line 843, in print_commands
    cmdclass = ep.resolve()
  File "/usr/lib/python3/dist-packages/pkg_resources/__init__.py", line 2451, in resolve
    module = __import__(self.module_name, fromlist=['__name__'], level=0)
  File "/home/phillipechavda/.local/lib/python3.8/site-packages/sphinx/setup_command.py", line 20, in <module>
    from sphinx.application import Sphinx
  File "/home/phillipechavda/.local/lib/python3.8/site-packages/sphinx/application.py", line 42, in <module>
    from sphinx.registry import SphinxComponentRegistry
  File "/home/phillipechavda/.local/lib/python3.8/site-packages/sphinx/registry.py", line 24, in <module>
    from sphinx.builders import Builder
  File "/home/phillipechavda/.local/lib/python3.8/site-packages/sphinx/builders/__init__.py", line 26, in <module>
    from sphinx.util import import_object, logging, rst, progress_message, status_iterator
  File "/home/phillipechavda/.local/lib/python3.8/site-packages/sphinx/util/rst.py", line 22, in <module>
    from jinja2 import environmentfilter
ImportError: cannot import name 'environmentfilter' from 'jinja2' (/home/phillipechavda/.local/lib/python3.8/site-packages/jinja2/__init__.py)
'[0m
[1.091s] [34mcolcon.colcon_core.event_reactor[0m [1;30mDEBUG[0m [32mjoining thread[0m
[1.102s] [34mcolcon.colcon_core.plugin_system[0m [1;30mINFO[0m Skipping extension 'colcon_notification.desktop_notification.terminal_notifier': Not used on non-Darwin systems
[1.102s] [34mcolcon.colcon_core.plugin_system[0m [1;30mINFO[0m Skipping extension 'colcon_notification.desktop_notification.win32': Not used on non-Windows systems
[1.102s] [34mcolcon.colcon_notification.desktop_notification[0m [1;30mINFO[0m Sending desktop notification using 'notify2'
[1.125s] [34mcolcon.colcon_core.event_reactor[0m [1;30mDEBUG[0m [32mjoined thread[0m
[1.127s] [34mcolcon.colcon_core.shell[0m [1;30mINFO[0m Creating prefix script '/home/phillipechavda/droneviz_ws/install/local_setup.ps1'
[1.129s] [34mcolcon.colcon_core.shell[0m [1;30mINFO[0m Creating prefix util module '/home/phillipechavda/droneviz_ws/install/_local_setup_util_ps1.py'
[1.132s] [34mcolcon.colcon_core.shell[0m [1;30mINFO[0m Creating prefix chain script '/home/phillipechavda/droneviz_ws/install/setup.ps1'
[1.133s] [34mcolcon.colcon_core.shell[0m [1;30mINFO[0m Creating prefix script '/home/phillipechavda/droneviz_ws/install/local_setup.sh'
[1.134s] [34mcolcon.colcon_core.shell[0m [1;30mINFO[0m Creating prefix util module '/home/phillipechavda/droneviz_ws/install/_local_setup_util_sh.py'
[1.135s] [34mcolcon.colcon_core.shell[0m [1;30mINFO[0m Creating prefix chain script '/home/phillipechavda/droneviz_ws/install/setup.sh'
[1.137s] [34mcolcon.colcon_core.shell[0m [1;30mINFO[0m Creating prefix script '/home/phillipechavda/droneviz_ws/install/local_setup.bash'
[1.138s] [34mcolcon.colcon_core.shell[0m [1;30mINFO[0m Creating prefix chain script '/home/phillipechavda/droneviz_ws/install/setup.bash'
[1.139s] [34mcolcon.colcon_core.shell[0m [1;30mINFO[0m Creating prefix script '/home/phillipechavda/droneviz_ws/install/local_setup.zsh'
[1.140s] [34mcolcon.colcon_core.shell[0m [1;30mINFO[0m Creating prefix chain script '/home/phillipechavda/droneviz_ws/install/setup.zsh'
