[0.852s] Invoking command in '/home/phillipechavda/droneviz_ws/src/drone_viz_pkg': PYTHONPATH=/home/phillipechavda/droneviz_ws/install/drone_viz_pkg/lib/python3.8/site-packages:${PYTHONPATH} /usr/bin/python3 setup.py egg_info --egg-base ../../build/drone_viz_pkg build --build-base /home/phillipechavda/droneviz_ws/build/drone_viz_pkg/build install --prefix /home/phillipechavda/droneviz_ws/install/drone_viz_pkg --record /home/phillipechavda/droneviz_ws/build/drone_viz_pkg/install.log --single-version-externally-managed
[1.082s] running egg_info
[1.083s] writing ../../build/drone_viz_pkg/drone_viz_pkg.egg-info/PKG-INFO
[1.083s] writing dependency_links to ../../build/drone_viz_pkg/drone_viz_pkg.egg-info/dependency_links.txt
[1.084s] writing entry points to ../../build/drone_viz_pkg/drone_viz_pkg.egg-info/entry_points.txt
[1.084s] writing requirements to ../../build/drone_viz_pkg/drone_viz_pkg.egg-info/requires.txt
[1.084s] writing top-level names to ../../build/drone_viz_pkg/drone_viz_pkg.egg-info/top_level.txt
[1.116s] reading manifest file '../../build/drone_viz_pkg/drone_viz_pkg.egg-info/SOURCES.txt'
[1.117s] writing manifest file '../../build/drone_viz_pkg/drone_viz_pkg.egg-info/SOURCES.txt'
[1.117s] running build
[1.117s] running build_py
[1.117s] copying drone_viz_pkg/pose_subscriber.py -> /home/phillipechavda/droneviz_ws/build/drone_viz_pkg/build/lib/drone_viz_pkg
[1.118s] running install
[1.119s] running install_lib
[1.120s] copying /home/phillipechavda/droneviz_ws/build/drone_viz_pkg/build/lib/drone_viz_pkg/pose_subscriber.py -> /home/phillipechavda/droneviz_ws/install/drone_viz_pkg/lib/python3.8/site-packages/drone_viz_pkg
[1.121s] byte-compiling /home/phillipechavda/droneviz_ws/install/drone_viz_pkg/lib/python3.8/site-packages/drone_viz_pkg/pose_subscriber.py to pose_subscriber.cpython-38.pyc
[1.123s] running install_data
[1.123s] running install_egg_info
[1.125s] removing '/home/phillipechavda/droneviz_ws/install/drone_viz_pkg/lib/python3.8/site-packages/drone_viz_pkg-0.0.0-py3.8.egg-info' (and everything under it)
[1.127s] Copying ../../build/drone_viz_pkg/drone_viz_pkg.egg-info to /home/phillipechavda/droneviz_ws/install/drone_viz_pkg/lib/python3.8/site-packages/drone_viz_pkg-0.0.0-py3.8.egg-info
[1.128s] running install_scripts
[1.144s] Installing pose_subscriber script to /home/phillipechavda/droneviz_ws/install/drone_viz_pkg/lib/drone_viz_pkg
[1.144s] writing list of installed files to '/home/phillipechavda/droneviz_ws/build/drone_viz_pkg/install.log'
[1.175s] Invoked command in '/home/phillipechavda/droneviz_ws/src/drone_viz_pkg' returned '0': PYTHONPATH=/home/phillipechavda/droneviz_ws/install/drone_viz_pkg/lib/python3.8/site-packages:${PYTHONPATH} /usr/bin/python3 setup.py egg_info --egg-base ../../build/drone_viz_pkg build --build-base /home/phillipechavda/droneviz_ws/build/drone_viz_pkg/build install --prefix /home/phillipechavda/droneviz_ws/install/drone_viz_pkg --record /home/phillipechavda/droneviz_ws/build/drone_viz_pkg/install.log --single-version-externally-managed
