running egg_info
creating ../../build/drone_viz_pkg/drone_viz_pkg.egg-info
writing ../../build/drone_viz_pkg/drone_viz_pkg.egg-info/PKG-INFO
writing dependency_links to ../../build/drone_viz_pkg/drone_viz_pkg.egg-info/dependency_links.txt
writing entry points to ../../build/drone_viz_pkg/drone_viz_pkg.egg-info/entry_points.txt
writing requirements to ../../build/drone_viz_pkg/drone_viz_pkg.egg-info/requires.txt
writing top-level names to ../../build/drone_viz_pkg/drone_viz_pkg.egg-info/top_level.txt
writing manifest file '../../build/drone_viz_pkg/drone_viz_pkg.egg-info/SOURCES.txt'
reading manifest file '../../build/drone_viz_pkg/drone_viz_pkg.egg-info/SOURCES.txt'
writing manifest file '../../build/drone_viz_pkg/drone_viz_pkg.egg-info/SOURCES.txt'
running build
running build_py
creating /home/phillipechavda/droneviz_ws/build/drone_viz_pkg/build
creating /home/phillipechavda/droneviz_ws/build/drone_viz_pkg/build/lib
creating /home/phillipechavda/droneviz_ws/build/drone_viz_pkg/build/lib/drone_viz_pkg
copying drone_viz_pkg/__init__.py -> /home/phillipechavda/droneviz_ws/build/drone_viz_pkg/build/lib/drone_viz_pkg
copying drone_viz_pkg/vel_to_csv.py -> /home/phillipechavda/droneviz_ws/build/drone_viz_pkg/build/lib/drone_viz_pkg
running install
running install_lib
creating /home/phillipechavda/droneviz_ws/install/drone_viz_pkg/lib/python3.8/site-packages/drone_viz_pkg
copying /home/phillipechavda/droneviz_ws/build/drone_viz_pkg/build/lib/drone_viz_pkg/__init__.py -> /home/phillipechavda/droneviz_ws/install/drone_viz_pkg/lib/python3.8/site-packages/drone_viz_pkg
copying /home/phillipechavda/droneviz_ws/build/drone_viz_pkg/build/lib/drone_viz_pkg/vel_to_csv.py -> /home/phillipechavda/droneviz_ws/install/drone_viz_pkg/lib/python3.8/site-packages/drone_viz_pkg
byte-compiling /home/phillipechavda/droneviz_ws/install/drone_viz_pkg/lib/python3.8/site-packages/drone_viz_pkg/__init__.py to __init__.cpython-38.pyc
byte-compiling /home/phillipechavda/droneviz_ws/install/drone_viz_pkg/lib/python3.8/site-packages/drone_viz_pkg/vel_to_csv.py to vel_to_csv.cpython-38.pyc
running install_data
creating /home/phillipechavda/droneviz_ws/install/drone_viz_pkg/share/ament_index
creating /home/phillipechavda/droneviz_ws/install/drone_viz_pkg/share/ament_index/resource_index
creating /home/phillipechavda/droneviz_ws/install/drone_viz_pkg/share/ament_index/resource_index/packages
copying resource/drone_viz_pkg -> /home/phillipechavda/droneviz_ws/install/drone_viz_pkg/share/ament_index/resource_index/packages
copying package.xml -> /home/phillipechavda/droneviz_ws/install/drone_viz_pkg/share/drone_viz_pkg
running install_egg_info
Copying ../../build/drone_viz_pkg/drone_viz_pkg.egg-info to /home/phillipechavda/droneviz_ws/install/drone_viz_pkg/lib/python3.8/site-packages/drone_viz_pkg-0.0.0-py3.8.egg-info
running install_scripts
Installing vel_to_csv script to /home/phillipechavda/droneviz_ws/install/drone_viz_pkg/lib/drone_viz_pkg
writing list of installed files to '/home/phillipechavda/droneviz_ws/build/drone_viz_pkg/install.log'
