running egg_info
creating ../../build/ros2bag_convert/ros2bag_convert.egg-info
writing ../../build/ros2bag_convert/ros2bag_convert.egg-info/PKG-INFO
writing dependency_links to ../../build/ros2bag_convert/ros2bag_convert.egg-info/dependency_links.txt
writing entry points to ../../build/ros2bag_convert/ros2bag_convert.egg-info/entry_points.txt
writing requirements to ../../build/ros2bag_convert/ros2bag_convert.egg-info/requires.txt
writing top-level names to ../../build/ros2bag_convert/ros2bag_convert.egg-info/top_level.txt
writing manifest file '../../build/ros2bag_convert/ros2bag_convert.egg-info/SOURCES.txt'
reading manifest file '../../build/ros2bag_convert/ros2bag_convert.egg-info/SOURCES.txt'
writing manifest file '../../build/ros2bag_convert/ros2bag_convert.egg-info/SOURCES.txt'
running build
running build_py
creating /home/phillipechavda/droneviz_ws/build/ros2bag_convert/build
creating /home/phillipechavda/droneviz_ws/build/ros2bag_convert/build/lib
creating /home/phillipechavda/droneviz_ws/build/ros2bag_convert/build/lib/ros2bag_convert
creating /home/phillipechavda/droneviz_ws/build/ros2bag_convert/build/lib/ros2bag_convert/ros2bag_convert
copying ros2bag_convert/ros2bag_convert/__init__.py -> /home/phillipechavda/droneviz_ws/build/ros2bag_convert/build/lib/ros2bag_convert/ros2bag_convert
copying ros2bag_convert/ros2bag_convert/save_csv_file.py -> /home/phillipechavda/droneviz_ws/build/ros2bag_convert/build/lib/ros2bag_convert/ros2bag_convert
copying ros2bag_convert/ros2bag_convert/read_bag.py -> /home/phillipechavda/droneviz_ws/build/ros2bag_convert/build/lib/ros2bag_convert/ros2bag_convert
copying ros2bag_convert/ros2bag_convert/message_converter.py -> /home/phillipechavda/droneviz_ws/build/ros2bag_convert/build/lib/ros2bag_convert/ros2bag_convert
copying ros2bag_convert/__init__.py -> /home/phillipechavda/droneviz_ws/build/ros2bag_convert/build/lib/ros2bag_convert
copying ros2bag_convert/main.py -> /home/phillipechavda/droneviz_ws/build/ros2bag_convert/build/lib/ros2bag_convert
running install
running install_lib
creating /home/phillipechavda/droneviz_ws/install/ros2bag_convert/lib/python3.8/site-packages/ros2bag_convert
copying /home/phillipechavda/droneviz_ws/build/ros2bag_convert/build/lib/ros2bag_convert/__init__.py -> /home/phillipechavda/droneviz_ws/install/ros2bag_convert/lib/python3.8/site-packages/ros2bag_convert
copying /home/phillipechavda/droneviz_ws/build/ros2bag_convert/build/lib/ros2bag_convert/main.py -> /home/phillipechavda/droneviz_ws/install/ros2bag_convert/lib/python3.8/site-packages/ros2bag_convert
creating /home/phillipechavda/droneviz_ws/install/ros2bag_convert/lib/python3.8/site-packages/ros2bag_convert/ros2bag_convert
copying /home/phillipechavda/droneviz_ws/build/ros2bag_convert/build/lib/ros2bag_convert/ros2bag_convert/__init__.py -> /home/phillipechavda/droneviz_ws/install/ros2bag_convert/lib/python3.8/site-packages/ros2bag_convert/ros2bag_convert
copying /home/phillipechavda/droneviz_ws/build/ros2bag_convert/build/lib/ros2bag_convert/ros2bag_convert/save_csv_file.py -> /home/phillipechavda/droneviz_ws/install/ros2bag_convert/lib/python3.8/site-packages/ros2bag_convert/ros2bag_convert
copying /home/phillipechavda/droneviz_ws/build/ros2bag_convert/build/lib/ros2bag_convert/ros2bag_convert/read_bag.py -> /home/phillipechavda/droneviz_ws/install/ros2bag_convert/lib/python3.8/site-packages/ros2bag_convert/ros2bag_convert
copying /home/phillipechavda/droneviz_ws/build/ros2bag_convert/build/lib/ros2bag_convert/ros2bag_convert/message_converter.py -> /home/phillipechavda/droneviz_ws/install/ros2bag_convert/lib/python3.8/site-packages/ros2bag_convert/ros2bag_convert
byte-compiling /home/phillipechavda/droneviz_ws/install/ros2bag_convert/lib/python3.8/site-packages/ros2bag_convert/__init__.py to __init__.cpython-38.pyc
byte-compiling /home/phillipechavda/droneviz_ws/install/ros2bag_convert/lib/python3.8/site-packages/ros2bag_convert/main.py to main.cpython-38.pyc
byte-compiling /home/phillipechavda/droneviz_ws/install/ros2bag_convert/lib/python3.8/site-packages/ros2bag_convert/ros2bag_convert/__init__.py to __init__.cpython-38.pyc
byte-compiling /home/phillipechavda/droneviz_ws/install/ros2bag_convert/lib/python3.8/site-packages/ros2bag_convert/ros2bag_convert/save_csv_file.py to save_csv_file.cpython-38.pyc
byte-compiling /home/phillipechavda/droneviz_ws/install/ros2bag_convert/lib/python3.8/site-packages/ros2bag_convert/ros2bag_convert/read_bag.py to read_bag.cpython-38.pyc
byte-compiling /home/phillipechavda/droneviz_ws/install/ros2bag_convert/lib/python3.8/site-packages/ros2bag_convert/ros2bag_convert/message_converter.py to message_converter.cpython-38.pyc
running install_egg_info
Copying ../../build/ros2bag_convert/ros2bag_convert.egg-info to /home/phillipechavda/droneviz_ws/install/ros2bag_convert/lib/python3.8/site-packages/ros2bag_convert-0.1.0-py3.8.egg-info
running install_scripts
Installing ros2bag-convert script to /home/phillipechavda/droneviz_ws/install/ros2bag_convert/lib/ros2bag_convert
writing list of installed files to '/home/phillipechavda/droneviz_ws/build/ros2bag_convert/install.log'
