[1.406s] Invoking command in '/home/phillipechavda/droneviz_ws/src/ros2bag_convert': PYTHONPATH=/home/phillipechavda/droneviz_ws/install/ros2bag_convert/lib/python3.8/site-packages:${PYTHONPATH} /usr/bin/python3 setup.py egg_info --egg-base ../../build/ros2bag_convert build --build-base /home/phillipechavda/droneviz_ws/build/ros2bag_convert/build install --prefix /home/phillipechavda/droneviz_ws/install/ros2bag_convert --record /home/phillipechavda/droneviz_ws/build/ros2bag_convert/install.log --single-version-externally-managed
[1.643s] running egg_info
[1.644s] creating ../../build/ros2bag_convert/ros2bag_convert.egg-info
[1.644s] writing ../../build/ros2bag_convert/ros2bag_convert.egg-info/PKG-INFO
[1.644s] writing dependency_links to ../../build/ros2bag_convert/ros2bag_convert.egg-info/dependency_links.txt
[1.645s] writing entry points to ../../build/ros2bag_convert/ros2bag_convert.egg-info/entry_points.txt
[1.645s] writing requirements to ../../build/ros2bag_convert/ros2bag_convert.egg-info/requires.txt
[1.645s] writing top-level names to ../../build/ros2bag_convert/ros2bag_convert.egg-info/top_level.txt
[1.645s] writing manifest file '../../build/ros2bag_convert/ros2bag_convert.egg-info/SOURCES.txt'
[1.678s] reading manifest file '../../build/ros2bag_convert/ros2bag_convert.egg-info/SOURCES.txt'
[1.679s] writing manifest file '../../build/ros2bag_convert/ros2bag_convert.egg-info/SOURCES.txt'
[1.679s] running build
[1.679s] running build_py
[1.679s] creating /home/phillipechavda/droneviz_ws/build/ros2bag_convert/build
[1.680s] creating /home/phillipechavda/droneviz_ws/build/ros2bag_convert/build/lib
[1.680s] creating /home/phillipechavda/droneviz_ws/build/ros2bag_convert/build/lib/ros2bag_convert
[1.680s] creating /home/phillipechavda/droneviz_ws/build/ros2bag_convert/build/lib/ros2bag_convert/ros2bag_convert
[1.680s] copying ros2bag_convert/ros2bag_convert/__init__.py -> /home/phillipechavda/droneviz_ws/build/ros2bag_convert/build/lib/ros2bag_convert/ros2bag_convert
[1.680s] copying ros2bag_convert/ros2bag_convert/save_csv_file.py -> /home/phillipechavda/droneviz_ws/build/ros2bag_convert/build/lib/ros2bag_convert/ros2bag_convert
[1.680s] copying ros2bag_convert/ros2bag_convert/read_bag.py -> /home/phillipechavda/droneviz_ws/build/ros2bag_convert/build/lib/ros2bag_convert/ros2bag_convert
[1.680s] copying ros2bag_convert/ros2bag_convert/message_converter.py -> /home/phillipechavda/droneviz_ws/build/ros2bag_convert/build/lib/ros2bag_convert/ros2bag_convert
[1.680s] copying ros2bag_convert/__init__.py -> /home/phillipechavda/droneviz_ws/build/ros2bag_convert/build/lib/ros2bag_convert
[1.680s] copying ros2bag_convert/main.py -> /home/phillipechavda/droneviz_ws/build/ros2bag_convert/build/lib/ros2bag_convert
[1.680s] running install
[1.680s] running install_lib
[1.682s] creating /home/phillipechavda/droneviz_ws/install/ros2bag_convert/lib/python3.8/site-packages/ros2bag_convert
[1.682s] copying /home/phillipechavda/droneviz_ws/build/ros2bag_convert/build/lib/ros2bag_convert/__init__.py -> /home/phillipechavda/droneviz_ws/install/ros2bag_convert/lib/python3.8/site-packages/ros2bag_convert
[1.682s] copying /home/phillipechavda/droneviz_ws/build/ros2bag_convert/build/lib/ros2bag_convert/main.py -> /home/phillipechavda/droneviz_ws/install/ros2bag_convert/lib/python3.8/site-packages/ros2bag_convert
[1.682s] creating /home/phillipechavda/droneviz_ws/install/ros2bag_convert/lib/python3.8/site-packages/ros2bag_convert/ros2bag_convert
[1.682s] copying /home/phillipechavda/droneviz_ws/build/ros2bag_convert/build/lib/ros2bag_convert/ros2bag_convert/__init__.py -> /home/phillipechavda/droneviz_ws/install/ros2bag_convert/lib/python3.8/site-packages/ros2bag_convert/ros2bag_convert
[1.682s] copying /home/phillipechavda/droneviz_ws/build/ros2bag_convert/build/lib/ros2bag_convert/ros2bag_convert/save_csv_file.py -> /home/phillipechavda/droneviz_ws/install/ros2bag_convert/lib/python3.8/site-packages/ros2bag_convert/ros2bag_convert
[1.682s] copying /home/phillipechavda/droneviz_ws/build/ros2bag_convert/build/lib/ros2bag_convert/ros2bag_convert/read_bag.py -> /home/phillipechavda/droneviz_ws/install/ros2bag_convert/lib/python3.8/site-packages/ros2bag_convert/ros2bag_convert
[1.683s] copying /home/phillipechavda/droneviz_ws/build/ros2bag_convert/build/lib/ros2bag_convert/ros2bag_convert/message_converter.py -> /home/phillipechavda/droneviz_ws/install/ros2bag_convert/lib/python3.8/site-packages/ros2bag_convert/ros2bag_convert
[1.683s] byte-compiling /home/phillipechavda/droneviz_ws/install/ros2bag_convert/lib/python3.8/site-packages/ros2bag_convert/__init__.py to __init__.cpython-38.pyc
[1.684s] byte-compiling /home/phillipechavda/droneviz_ws/install/ros2bag_convert/lib/python3.8/site-packages/ros2bag_convert/main.py to main.cpython-38.pyc
[1.684s] byte-compiling /home/phillipechavda/droneviz_ws/install/ros2bag_convert/lib/python3.8/site-packages/ros2bag_convert/ros2bag_convert/__init__.py to __init__.cpython-38.pyc
[1.685s] byte-compiling /home/phillipechavda/droneviz_ws/install/ros2bag_convert/lib/python3.8/site-packages/ros2bag_convert/ros2bag_convert/save_csv_file.py to save_csv_file.cpython-38.pyc
[1.685s] byte-compiling /home/phillipechavda/droneviz_ws/install/ros2bag_convert/lib/python3.8/site-packages/ros2bag_convert/ros2bag_convert/read_bag.py to read_bag.cpython-38.pyc
[1.686s] byte-compiling /home/phillipechavda/droneviz_ws/install/ros2bag_convert/lib/python3.8/site-packages/ros2bag_convert/ros2bag_convert/message_converter.py to message_converter.cpython-38.pyc
[1.687s] running install_egg_info
[1.689s] Copying ../../build/ros2bag_convert/ros2bag_convert.egg-info to /home/phillipechavda/droneviz_ws/install/ros2bag_convert/lib/python3.8/site-packages/ros2bag_convert-0.1.0-py3.8.egg-info
[1.689s] running install_scripts
[1.706s] Installing ros2bag-convert script to /home/phillipechavda/droneviz_ws/install/ros2bag_convert/lib/ros2bag_convert
[1.707s] writing list of installed files to '/home/phillipechavda/droneviz_ws/build/ros2bag_convert/install.log'
[1.752s] Invoked command in '/home/phillipechavda/droneviz_ws/src/ros2bag_convert' returned '0': PYTHONPATH=/home/phillipechavda/droneviz_ws/install/ros2bag_convert/lib/python3.8/site-packages:${PYTHONPATH} /usr/bin/python3 setup.py egg_info --egg-base ../../build/ros2bag_convert build --build-base /home/phillipechavda/droneviz_ws/build/ros2bag_convert/build install --prefix /home/phillipechavda/droneviz_ws/install/ros2bag_convert --record /home/phillipechavda/droneviz_ws/build/ros2bag_convert/install.log --single-version-externally-managed
